c:\users\pc\downloads\proyecto lpoo\sistemamonitoreogranja\sistemamonitoreogranja\sistemamonitoreogranjamodel\debug\vc142.pdb
c:\users\pc\downloads\proyecto lpoo\sistemamonitoreogranja\sistemamonitoreogranja\sistemamonitoreogranjamodel\debug\.netframework,version=v4.7.2.assemblyattributes.obj
c:\users\pc\downloads\proyecto lpoo\sistemamonitoreogranja\sistemamonitoreogranja\sistemamonitoreogranjamodel\debug\usuario.obj
c:\users\pc\downloads\proyecto lpoo\sistemamonitoreogranja\sistemamonitoreogranja\sistemamonitoreogranjamodel\debug\tarea.obj
c:\users\pc\downloads\proyecto lpoo\sistemamonitoreogranja\sistemamonitoreogranja\sistemamonitoreogranjamodel\debug\sensores.obj
c:\users\pc\downloads\proyecto lpoo\sistemamonitoreogranja\sistemamonitoreogranja\sistemamonitoreogranjamodel\debug\produccion.obj
c:\users\pc\downloads\proyecto lpoo\sistemamonitoreogranja\sistemamonitoreogranja\sistemamonitoreogranjamodel\debug\personal.obj
c:\users\pc\downloads\proyecto lpoo\sistemamonitoreogranja\sistemamonitoreogranja\sistemamonitoreogranjamodel\debug\movimiento.obj
c:\users\pc\downloads\proyecto lpoo\sistemamonitoreogranja\sistemamonitoreogranja\sistemamonitoreogranjamodel\debug\medicion.obj
c:\users\pc\downloads\proyecto lpoo\sistemamonitoreogranja\sistemamonitoreogranja\sistemamonitoreogranjamodel\debug\incubadoras.obj
c:\users\pc\downloads\proyecto lpoo\sistemamonitoreogranja\sistemamonitoreogranja\sistemamonitoreogranjamodel\debug\herramientas.obj
c:\users\pc\downloads\proyecto lpoo\sistemamonitoreogranja\sistemamonitoreogranja\sistemamonitoreogranjamodel\debug\farmacos.obj
c:\users\pc\downloads\proyecto lpoo\sistemamonitoreogranja\sistemamonitoreogranja\sistemamonitoreogranjamodel\debug\comederos.obj
c:\users\pc\downloads\proyecto lpoo\sistemamonitoreogranja\sistemamonitoreogranja\sistemamonitoreogranjamodel\debug\areadeanimales.obj
c:\users\pc\downloads\proyecto lpoo\sistemamonitoreogranja\sistemamonitoreogranja\sistemamonitoreogranjamodel\debug\almacen.obj
c:\users\pc\downloads\proyecto lpoo\sistemamonitoreogranja\sistemamonitoreogranja\sistemamonitoreogranjamodel\debug\alimentos.obj
c:\users\pc\downloads\proyecto lpoo\sistemamonitoreogranja\sistemamonitoreogranja\debug\sistemamonitoreogranjamodel.dll
c:\users\pc\downloads\proyecto lpoo\sistemamonitoreogranja\sistemamonitoreogranja\debug\sistemamonitoreogranjamodel.pdb
c:\users\pc\downloads\proyecto lpoo\sistemamonitoreogranja\sistemamonitoreogranja\sistemamonitoreogranjamodel\debug\sistemam.97b0c873.tlog\cl.command.1.tlog
c:\users\pc\downloads\proyecto lpoo\sistemamonitoreogranja\sistemamonitoreogranja\sistemamonitoreogranjamodel\debug\sistemam.97b0c873.tlog\cl.read.1.tlog
c:\users\pc\downloads\proyecto lpoo\sistemamonitoreogranja\sistemamonitoreogranja\sistemamonitoreogranjamodel\debug\sistemam.97b0c873.tlog\cl.write.1.tlog
c:\users\pc\downloads\proyecto lpoo\sistemamonitoreogranja\sistemamonitoreogranja\sistemamonitoreogranjamodel\debug\sistemam.97b0c873.tlog\link.command.1.tlog
c:\users\pc\downloads\proyecto lpoo\sistemamonitoreogranja\sistemamonitoreogranja\sistemamonitoreogranjamodel\debug\sistemam.97b0c873.tlog\link.read.1.tlog
c:\users\pc\downloads\proyecto lpoo\sistemamonitoreogranja\sistemamonitoreogranja\sistemamonitoreogranjamodel\debug\sistemam.97b0c873.tlog\link.write.1.tlog
c:\users\pc\downloads\proyecto lpoo\sistemamonitoreogranja\sistemamonitoreogranja\sistemamonitoreogranjamodel\debug\sistemam.97b0c873.tlog\metagen.read.1.tlog
c:\users\pc\downloads\proyecto lpoo\sistemamonitoreogranja\sistemamonitoreogranja\sistemamonitoreogranjamodel\debug\sistemam.97b0c873.tlog\metagen.write.1.tlog
